[debug] [2025-11-24T05:05:35.269Z] ----------------------------------------------------------------------
[debug] [2025-11-24T05:05:35.272Z] Command:       /Users/fazozela/.nvm/versions/node/v22.18.0/bin/node /Users/fazozela/.nvm/versions/node/v22.18.0/bin/firebase init
[debug] [2025-11-24T05:05:35.273Z] CLI Version:   14.26.0
[debug] [2025-11-24T05:05:35.273Z] Platform:      darwin
[debug] [2025-11-24T05:05:35.273Z] Node Version:  v22.18.0
[debug] [2025-11-24T05:05:35.273Z] Time:          Mon Nov 24 2025 01:05:35 GMT-0400 (Bolivia Time)
[debug] [2025-11-24T05:05:35.273Z] ----------------------------------------------------------------------
[debug] 
[debug] [2025-11-24T05:05:35.275Z] >>> [apiv2][query] GET https://firebase-public.firebaseio.com/cli.json [none]
[info] 
     ######## #### ########  ######## ########     ###     ######  ########
     ##        ##  ##     ## ##       ##     ##  ##   ##  ##       ##
     ######    ##  ########  ######   ########  #########  ######  ######
     ##        ##  ##    ##  ##       ##     ## ##     ##       ## ##
     ##       #### ##     ## ######## ########  ##     ##  ######  ########

You're about to initialize a Firebase project in this directory:

  /Users/fazozela/Desktop/mdevconf2025/web/mdevconf

[debug] [2025-11-24T05:05:35.894Z] <<< [apiv2][status] GET https://firebase-public.firebaseio.com/cli.json 200
[debug] [2025-11-24T05:05:35.894Z] <<< [apiv2][body] GET https://firebase-public.firebaseio.com/cli.json {"cloudBuildErrorAfter":1594252800000,"cloudBuildWarnAfter":1590019200000,"defaultNode10After":1594252800000,"minVersion":"3.0.5","node8DeploysDisabledAfter":1613390400000,"node8RuntimeDisabledAfter":1615809600000,"node8WarnAfter":1600128000000}
[info] 
=== Project Setup
[info] 
[info] First, let's associate this project directory with a Firebase project.
[info] You can create multiple project aliases by running firebase use --add, 
[info] 
[info] i  If you want to create a project in a Google Cloud organization or folder, please use "firebase projects:create" instead, and return to this command when you've created the project. 
[debug] [2025-11-24T05:06:07.960Z] > command requires scopes: ["email","openid","https://www.googleapis.com/auth/cloudplatformprojects.readonly","https://www.googleapis.com/auth/firebase","https://www.googleapis.com/auth/cloud-platform"]
[debug] [2025-11-24T05:06:07.961Z] > authorizing via signed-in user (fazozela@gmail.com)
[debug] [2025-11-24T05:06:26.452Z] Checked if tokens are valid: false, expires at: 1758470120186
[debug] [2025-11-24T05:06:26.452Z] Checked if tokens are valid: false, expires at: 1758470120186
[debug] [2025-11-24T05:06:26.452Z] > refreshing access token with scopes: []
[debug] [2025-11-24T05:06:26.453Z] >>> [apiv2][query] POST https://www.googleapis.com/oauth2/v3/token [none]
[debug] [2025-11-24T05:06:26.453Z] >>> [apiv2][body] POST https://www.googleapis.com/oauth2/v3/token [omitted]
[debug] [2025-11-24T05:06:26.671Z] <<< [apiv2][status] POST https://www.googleapis.com/oauth2/v3/token 200
[debug] [2025-11-24T05:06:26.671Z] <<< [apiv2][body] POST https://www.googleapis.com/oauth2/v3/token [omitted]
[debug] [2025-11-24T05:06:26.717Z] >>> [apiv2][query] POST https://firebase.googleapis.com/v1/projects:checkProjectId [none]
[debug] [2025-11-24T05:06:26.717Z] >>> [apiv2][body] POST https://firebase.googleapis.com/v1/projects:checkProjectId {"proposedId":"mdevconf"}
[debug] [2025-11-24T05:06:27.496Z] <<< [apiv2][status] POST https://firebase.googleapis.com/v1/projects:checkProjectId 200
[debug] [2025-11-24T05:06:27.496Z] <<< [apiv2][body] POST https://firebase.googleapis.com/v1/projects:checkProjectId {"projectIdStatus":"PROJECT_ID_UNAVAILABLE","suggestedProjectId":"mdevconf-18422"}
[debug] [2025-11-24T05:06:33.609Z] Checked if tokens are valid: true, expires at: 1763964385671
[debug] [2025-11-24T05:06:33.609Z] Checked if tokens are valid: true, expires at: 1763964385671
[debug] [2025-11-24T05:06:33.610Z] >>> [apiv2][query] POST https://firebase.googleapis.com/v1/projects:checkProjectId [none]
[debug] [2025-11-24T05:06:33.610Z] >>> [apiv2][body] POST https://firebase.googleapis.com/v1/projects:checkProjectId {"proposedId":"mdevconf2025"}
[debug] [2025-11-24T05:06:34.152Z] <<< [apiv2][status] POST https://firebase.googleapis.com/v1/projects:checkProjectId 200
[debug] [2025-11-24T05:06:34.153Z] <<< [apiv2][body] POST https://firebase.googleapis.com/v1/projects:checkProjectId {"projectIdStatus":"PROJECT_ID_AVAILABLE","suggestedProjectId":"mdevconf2025"}
[debug] [2025-11-24T05:06:40.154Z] Checked if tokens are valid: true, expires at: 1763964385671
[debug] [2025-11-24T05:06:40.154Z] Checked if tokens are valid: true, expires at: 1763964385671
[debug] [2025-11-24T05:06:40.154Z] >>> [apiv2][query] POST https://cloudresourcemanager.googleapis.com/v1/projects [none]
[debug] [2025-11-24T05:06:40.154Z] >>> [apiv2][body] POST https://cloudresourcemanager.googleapis.com/v1/projects {"projectId":"mdevconf2025","name":"mdevconf2025"}
[debug] [2025-11-24T05:06:41.922Z] <<< [apiv2][status] POST https://cloudresourcemanager.googleapis.com/v1/projects 200
[debug] [2025-11-24T05:06:41.923Z] <<< [apiv2][body] POST https://cloudresourcemanager.googleapis.com/v1/projects {"name":"operations/create_project.global.8206546768348790814"}
[debug] [2025-11-24T05:06:41.924Z] Checked if tokens are valid: true, expires at: 1763964385671
[debug] [2025-11-24T05:06:41.924Z] Checked if tokens are valid: true, expires at: 1763964385671
[debug] [2025-11-24T05:06:41.924Z] >>> [apiv2][query] GET https://cloudresourcemanager.googleapis.com/v1/operations/create_project.global.8206546768348790814 [none]
[debug] [2025-11-24T05:06:43.175Z] <<< [apiv2][status] GET https://cloudresourcemanager.googleapis.com/v1/operations/create_project.global.8206546768348790814 200
[debug] [2025-11-24T05:06:43.175Z] <<< [apiv2][body] GET https://cloudresourcemanager.googleapis.com/v1/operations/create_project.global.8206546768348790814 {"name":"operations/create_project.global.8206546768348790814"}
[debug] [2025-11-24T05:06:43.677Z] [Project Creation Poller] Retrying task index 0
[debug] [2025-11-24T05:06:43.677Z] Checked if tokens are valid: true, expires at: 1763964385671
[debug] [2025-11-24T05:06:43.677Z] Checked if tokens are valid: true, expires at: 1763964385671
[debug] [2025-11-24T05:06:43.678Z] >>> [apiv2][query] GET https://cloudresourcemanager.googleapis.com/v1/operations/create_project.global.8206546768348790814 [none]
[debug] [2025-11-24T05:06:44.082Z] <<< [apiv2][status] GET https://cloudresourcemanager.googleapis.com/v1/operations/create_project.global.8206546768348790814 200
[debug] [2025-11-24T05:06:44.082Z] <<< [apiv2][body] GET https://cloudresourcemanager.googleapis.com/v1/operations/create_project.global.8206546768348790814 {"name":"operations/create_project.global.8206546768348790814","metadata":{"@type":"type.googleapis.com/google.cloudresourcemanager.v1.ProjectCreationStatus","gettable":true,"ready":true},"done":true,"response":{"@type":"type.googleapis.com/google.cloudresourcemanager.v1.Project","projectNumber":"483785500070","projectId":"mdevconf2025","lifecycleState":"ACTIVE","name":"mdevconf2025","createTime":"2025-11-24T05:06:42.966385Z"}}
[debug] [2025-11-24T05:06:44.084Z] Checked if tokens are valid: true, expires at: 1763964385671
[debug] [2025-11-24T05:06:44.084Z] Checked if tokens are valid: true, expires at: 1763964385671
[debug] [2025-11-24T05:06:44.084Z] >>> [apiv2][query] POST https://firebase.googleapis.com/v1beta1/projects/mdevconf2025:addFirebase [none]
[debug] [2025-11-24T05:06:47.882Z] <<< [apiv2][status] POST https://firebase.googleapis.com/v1beta1/projects/mdevconf2025:addFirebase 200
[debug] [2025-11-24T05:06:47.882Z] <<< [apiv2][body] POST https://firebase.googleapis.com/v1beta1/projects/mdevconf2025:addFirebase {"name":"operations/workflows/MGFjMjRiNDQtMjA5NC00NGYzLWI4MmYtZGU5MWMxOGZmNzBi"}
[debug] [2025-11-24T05:06:47.882Z] Checked if tokens are valid: true, expires at: 1763964385671
[debug] [2025-11-24T05:06:47.882Z] Checked if tokens are valid: true, expires at: 1763964385671
[debug] [2025-11-24T05:06:47.882Z] >>> [apiv2][query] GET https://firebase.googleapis.com/v1beta1/operations/workflows/MGFjMjRiNDQtMjA5NC00NGYzLWI4MmYtZGU5MWMxOGZmNzBi [none]
[debug] [2025-11-24T05:06:51.968Z] <<< [apiv2][status] GET https://firebase.googleapis.com/v1beta1/operations/workflows/MGFjMjRiNDQtMjA5NC00NGYzLWI4MmYtZGU5MWMxOGZmNzBi 200
[debug] [2025-11-24T05:06:51.968Z] <<< [apiv2][body] GET https://firebase.googleapis.com/v1beta1/operations/workflows/MGFjMjRiNDQtMjA5NC00NGYzLWI4MmYtZGU5MWMxOGZmNzBi {"name":"operations/workflows/MGFjMjRiNDQtMjA5NC00NGYzLWI4MmYtZGU5MWMxOGZmNzBi"}
[debug] [2025-11-24T05:06:52.470Z] [Add Firebase Poller] Retrying task index 0
[debug] [2025-11-24T05:06:52.470Z] Checked if tokens are valid: true, expires at: 1763964385671
[debug] [2025-11-24T05:06:52.470Z] Checked if tokens are valid: true, expires at: 1763964385671
[debug] [2025-11-24T05:06:52.470Z] >>> [apiv2][query] GET https://firebase.googleapis.com/v1beta1/operations/workflows/MGFjMjRiNDQtMjA5NC00NGYzLWI4MmYtZGU5MWMxOGZmNzBi [none]
[debug] [2025-11-24T05:06:53.664Z] <<< [apiv2][status] GET https://firebase.googleapis.com/v1beta1/operations/workflows/MGFjMjRiNDQtMjA5NC00NGYzLWI4MmYtZGU5MWMxOGZmNzBi 200
[debug] [2025-11-24T05:06:53.664Z] <<< [apiv2][body] GET https://firebase.googleapis.com/v1beta1/operations/workflows/MGFjMjRiNDQtMjA5NC00NGYzLWI4MmYtZGU5MWMxOGZmNzBi {"name":"operations/workflows/MGFjMjRiNDQtMjA5NC00NGYzLWI4MmYtZGU5MWMxOGZmNzBi"}
[debug] [2025-11-24T05:06:54.665Z] [Add Firebase Poller] Retrying task index 0
[debug] [2025-11-24T05:06:54.666Z] Checked if tokens are valid: true, expires at: 1763964385671
[debug] [2025-11-24T05:06:54.666Z] Checked if tokens are valid: true, expires at: 1763964385671
[debug] [2025-11-24T05:06:54.666Z] >>> [apiv2][query] GET https://firebase.googleapis.com/v1beta1/operations/workflows/MGFjMjRiNDQtMjA5NC00NGYzLWI4MmYtZGU5MWMxOGZmNzBi [none]
[debug] [2025-11-24T05:06:55.653Z] <<< [apiv2][status] GET https://firebase.googleapis.com/v1beta1/operations/workflows/MGFjMjRiNDQtMjA5NC00NGYzLWI4MmYtZGU5MWMxOGZmNzBi 200
[debug] [2025-11-24T05:06:55.653Z] <<< [apiv2][body] GET https://firebase.googleapis.com/v1beta1/operations/workflows/MGFjMjRiNDQtMjA5NC00NGYzLWI4MmYtZGU5MWMxOGZmNzBi {"name":"operations/workflows/MGFjMjRiNDQtMjA5NC00NGYzLWI4MmYtZGU5MWMxOGZmNzBi","done":true,"response":{"@type":"type.googleapis.com/google.firebase.service.v1beta1.FirebaseProject","projectId":"mdevconf2025","projectNumber":"483785500070","displayName":"mdevconf2025","name":"projects/mdevconf2025","resources":{"hostingSite":"mdevconf2025"}}}
[info] 
[info] 🎉🎉🎉 Your Firebase project is ready! 🎉🎉🎉
[info] 
[info] Project information:
[info]    - Project ID: mdevconf2025
[info]    - Project Name: mdevconf2025
[info] 
[info] Firebase console is available at
[info] https://console.firebase.google.com/project/mdevconf2025/overview
[info] 
=== Hosting Setup
[debug] [2025-11-24T05:06:55.680Z] Checked if tokens are valid: true, expires at: 1763964385671
[debug] [2025-11-24T05:06:55.681Z] Checked if tokens are valid: true, expires at: 1763964385671
[debug] [2025-11-24T05:06:55.681Z] >>> [apiv2][query] GET https://firebase.googleapis.com/v1beta1/projects/mdevconf2025 [none]
[debug] [2025-11-24T05:06:56.857Z] <<< [apiv2][status] GET https://firebase.googleapis.com/v1beta1/projects/mdevconf2025 200
[debug] [2025-11-24T05:06:56.858Z] <<< [apiv2][body] GET https://firebase.googleapis.com/v1beta1/projects/mdevconf2025 {"projectId":"mdevconf2025","projectNumber":"483785500070","displayName":"mdevconf2025","name":"projects/mdevconf2025","resources":{"hostingSite":"mdevconf2025"},"state":"ACTIVE","etag":"1_22ac9dc3-a7e6-431c-a6ed-4129833d755b"}
[info] 
[info] Your public directory is the folder (relative to your project directory) that
[info] will contain Hosting assets to be uploaded with firebase deploy. If you
[info] have a build process for your assets, use your build's output directory.
[info] 
